/home/bishal-victus/LFR_ws/install/line_follower_robot/lib/python3.12/site-packages/line_follower_robot/__init__.py
/home/bishal-victus/LFR_ws/install/line_follower_robot/lib/python3.12/site-packages/line_follower_robot/follower.py
/home/bishal-victus/LFR_ws/install/line_follower_robot/lib/python3.12/site-packages/line_follower_robot/__pycache__/__init__.cpython-312.pyc
/home/bishal-victus/LFR_ws/install/line_follower_robot/lib/python3.12/site-packages/line_follower_robot/__pycache__/follower.cpython-312.pyc
/home/bishal-victus/LFR_ws/install/line_follower_robot/share/ament_index/resource_index/packages/line_follower_robot
/home/bishal-victus/LFR_ws/install/line_follower_robot/share/line_follower_robot/package.xml
/home/bishal-victus/LFR_ws/install/line_follower_robot/share/line_follower_robot/LICENSE
/home/bishal-victus/LFR_ws/install/line_follower_robot/share/line_follower_robot/launch/line_follow.launch.py
/home/bishal-victus/LFR_ws/install/line_follower_robot/share/line_follower_robot/worlds/warehouse_world.sdf
/home/bishal-victus/LFR_ws/install/line_follower_robot/share/line_follower_robot/urdf/robot.urdf
/home/bishal-victus/LFR_ws/install/line_follower_robot/share/line_follower_robot/urdf/camera.xacro
/home/bishal-victus/LFR_ws/install/line_follower_robot/share/line_follower_robot/urdf/drive.xacro
/home/bishal-victus/LFR_ws/install/line_follower_robot/share/line_follower_robot/config/gz_bridge.yaml
/home/bishal-victus/LFR_ws/install/line_follower_robot/lib/python3.12/site-packages/line_follower_robot-1.0.0-py3.12.egg-info/zip-safe
/home/bishal-victus/LFR_ws/install/line_follower_robot/lib/python3.12/site-packages/line_follower_robot-1.0.0-py3.12.egg-info/SOURCES.txt
/home/bishal-victus/LFR_ws/install/line_follower_robot/lib/python3.12/site-packages/line_follower_robot-1.0.0-py3.12.egg-info/PKG-INFO
/home/bishal-victus/LFR_ws/install/line_follower_robot/lib/python3.12/site-packages/line_follower_robot-1.0.0-py3.12.egg-info/entry_points.txt
/home/bishal-victus/LFR_ws/install/line_follower_robot/lib/python3.12/site-packages/line_follower_robot-1.0.0-py3.12.egg-info/top_level.txt
/home/bishal-victus/LFR_ws/install/line_follower_robot/lib/python3.12/site-packages/line_follower_robot-1.0.0-py3.12.egg-info/requires.txt
/home/bishal-victus/LFR_ws/install/line_follower_robot/lib/python3.12/site-packages/line_follower_robot-1.0.0-py3.12.egg-info/dependency_links.txt
/home/bishal-victus/LFR_ws/install/line_follower_robot/lib/line_follower_robot/follower_node
