running egg_info
writing ../../build/line_follower_robot/line_follower_robot.egg-info/PKG-INFO
writing dependency_links to ../../build/line_follower_robot/line_follower_robot.egg-info/dependency_links.txt
writing entry points to ../../build/line_follower_robot/line_follower_robot.egg-info/entry_points.txt
writing requirements to ../../build/line_follower_robot/line_follower_robot.egg-info/requires.txt
writing top-level names to ../../build/line_follower_robot/line_follower_robot.egg-info/top_level.txt
reading manifest file '../../build/line_follower_robot/line_follower_robot.egg-info/SOURCES.txt'
adding license file 'LICENSE'
writing manifest file '../../build/line_follower_robot/line_follower_robot.egg-info/SOURCES.txt'
running build
running build_py
running install
running install_lib
running install_data
running install_egg_info
removing '/home/bishal-victus/LFR_ws/install/line_follower_robot/lib/python3.12/site-packages/line_follower_robot-1.0.0-py3.12.egg-info' (and everything under it)
Copying ../../build/line_follower_robot/line_follower_robot.egg-info to /home/bishal-victus/LFR_ws/install/line_follower_robot/lib/python3.12/site-packages/line_follower_robot-1.0.0-py3.12.egg-info
running install_scripts
Installing follower_node script to /home/bishal-victus/LFR_ws/install/line_follower_robot/lib/line_follower_robot
writing list of installed files to '/home/bishal-victus/LFR_ws/build/line_follower_robot/install.log'
