[0.525s] Invoking command in '/home/bishal-victus/LFR_ws/src/line_follower_robot': DEBUGINFOD_URLS=https://debuginfod.ubuntu.com PYTHONPATH=/home/bishal-victus/LFR_ws/build/line_follower_robot/prefix_override:/usr/lib/python3/dist-packages/colcon_core/task/python/colcon_distutils_commands:/home/bishal-victus/LFR_ws/install/line_follower_robot/lib/python3.12/site-packages:${PYTHONPATH} /usr/bin/python3 -W ignore:setup.py install is deprecated -W ignore:easy_install command is deprecated setup.py egg_info --egg-base ../../build/line_follower_robot build --build-base /home/bishal-victus/LFR_ws/build/line_follower_robot/build install --record /home/bishal-victus/LFR_ws/build/line_follower_robot/install.log --single-version-externally-managed install_data
[0.692s] running egg_info
[0.702s] writing ../../build/line_follower_robot/line_follower_robot.egg-info/PKG-INFO
[0.703s] writing dependency_links to ../../build/line_follower_robot/line_follower_robot.egg-info/dependency_links.txt
[0.703s] writing entry points to ../../build/line_follower_robot/line_follower_robot.egg-info/entry_points.txt
[0.703s] writing requirements to ../../build/line_follower_robot/line_follower_robot.egg-info/requires.txt
[0.703s] writing top-level names to ../../build/line_follower_robot/line_follower_robot.egg-info/top_level.txt
[0.726s] reading manifest file '../../build/line_follower_robot/line_follower_robot.egg-info/SOURCES.txt'
[0.726s] adding license file 'LICENSE'
[0.726s] writing manifest file '../../build/line_follower_robot/line_follower_robot.egg-info/SOURCES.txt'
[0.726s] running build
[0.726s] running build_py
[0.727s] running install
[0.731s] running install_lib
[0.742s] running install_data
[0.743s] running install_egg_info
[0.755s] removing '/home/bishal-victus/LFR_ws/install/line_follower_robot/lib/python3.12/site-packages/line_follower_robot-1.0.0-py3.12.egg-info' (and everything under it)
[0.755s] Copying ../../build/line_follower_robot/line_follower_robot.egg-info to /home/bishal-victus/LFR_ws/install/line_follower_robot/lib/python3.12/site-packages/line_follower_robot-1.0.0-py3.12.egg-info
[0.755s] running install_scripts
[0.834s] Installing follower_node script to /home/bishal-victus/LFR_ws/install/line_follower_robot/lib/line_follower_robot
[0.834s] writing list of installed files to '/home/bishal-victus/LFR_ws/build/line_follower_robot/install.log'
[0.854s] Invoked command in '/home/bishal-victus/LFR_ws/src/line_follower_robot' returned '0': DEBUGINFOD_URLS=https://debuginfod.ubuntu.com PYTHONPATH=/home/bishal-victus/LFR_ws/build/line_follower_robot/prefix_override:/usr/lib/python3/dist-packages/colcon_core/task/python/colcon_distutils_commands:/home/bishal-victus/LFR_ws/install/line_follower_robot/lib/python3.12/site-packages:${PYTHONPATH} /usr/bin/python3 -W ignore:setup.py install is deprecated -W ignore:easy_install command is deprecated setup.py egg_info --egg-base ../../build/line_follower_robot build --build-base /home/bishal-victus/LFR_ws/build/line_follower_robot/build install --record /home/bishal-victus/LFR_ws/build/line_follower_robot/install.log --single-version-externally-managed install_data
